running develop
running egg_info
creating decision.egg-info
writing decision.egg-info/PKG-INFO
writing dependency_links to decision.egg-info/dependency_links.txt
writing entry points to decision.egg-info/entry_points.txt
writing requirements to decision.egg-info/requires.txt
writing top-level names to decision.egg-info/top_level.txt
writing manifest file 'decision.egg-info/SOURCES.txt'
reading manifest file 'decision.egg-info/SOURCES.txt'
writing manifest file 'decision.egg-info/SOURCES.txt'
running build_ext
Creating /home/chendawww/workspace/rl-navibot/install/decision/lib/python3.10/site-packages/decision.egg-link (link to .)

Installed /home/chendawww/workspace/rl-navibot/build/decision
running symlink_data
creating /home/chendawww/workspace/rl-navibot/install/decision/share/ament_index
creating /home/chendawww/workspace/rl-navibot/install/decision/share/ament_index/resource_index
creating /home/chendawww/workspace/rl-navibot/install/decision/share/ament_index/resource_index/packages
symbolically linking /home/chendawww/workspace/rl-navibot/build/decision/resource/decision -> /home/chendawww/workspace/rl-navibot/install/decision/share/ament_index/resource_index/packages
symbolically linking /home/chendawww/workspace/rl-navibot/build/decision/package.xml -> /home/chendawww/workspace/rl-navibot/install/decision/share/decision
