[0.565s] Invoking command in '/home/chendawww/workspace/rl-navibot/build/decision': CONDA_PROMPT_MODIFIER=(ros2) PYTHONPATH=/home/chendawww/workspace/rl-navibot/build/decision/prefix_override:/usr/lib/python3/dist-packages/colcon_core/task/python/colcon_distutils_commands:/home/chendawww/workspace/rl-navibot/install/decision/lib/python3.10/site-packages:${PYTHONPATH} _=/usr/bin/env /usr/bin/python3 -W ignore:setup.py install is deprecated -W ignore:easy_install command is deprecated setup.py develop --editable --build-directory /home/chendawww/workspace/rl-navibot/build/decision/build --no-deps symlink_data
[0.730s] running develop
[0.764s] /usr/lib/python3/dist-packages/pkg_resources/__init__.py:116: PkgResourcesDeprecationWarning: 2.22.1ubuntu1 is an invalid version and will not be supported in a future release
[0.764s]   warnings.warn(
[0.828s] running egg_info
[0.828s] creating decision.egg-info
[0.828s] writing decision.egg-info/PKG-INFO
[0.828s] writing dependency_links to decision.egg-info/dependency_links.txt
[0.829s] writing entry points to decision.egg-info/entry_points.txt
[0.829s] writing requirements to decision.egg-info/requires.txt
[0.829s] writing top-level names to decision.egg-info/top_level.txt
[0.830s] writing manifest file 'decision.egg-info/SOURCES.txt'
[0.831s] reading manifest file 'decision.egg-info/SOURCES.txt'
[0.831s] writing manifest file 'decision.egg-info/SOURCES.txt'
[0.854s] running build_ext
[0.855s] Creating /home/chendawww/workspace/rl-navibot/install/decision/lib/python3.10/site-packages/decision.egg-link (link to .)
[0.855s] 
[0.855s] Installed /home/chendawww/workspace/rl-navibot/build/decision
[0.855s] running symlink_data
[0.855s] creating /home/chendawww/workspace/rl-navibot/install/decision/share/ament_index
[0.855s] creating /home/chendawww/workspace/rl-navibot/install/decision/share/ament_index/resource_index
[0.855s] creating /home/chendawww/workspace/rl-navibot/install/decision/share/ament_index/resource_index/packages
[0.856s] symbolically linking /home/chendawww/workspace/rl-navibot/build/decision/resource/decision -> /home/chendawww/workspace/rl-navibot/install/decision/share/ament_index/resource_index/packages
[0.856s] symbolically linking /home/chendawww/workspace/rl-navibot/build/decision/package.xml -> /home/chendawww/workspace/rl-navibot/install/decision/share/decision
[0.875s] Invoked command in '/home/chendawww/workspace/rl-navibot/build/decision' returned '0': CONDA_PROMPT_MODIFIER=(ros2) PYTHONPATH=/home/chendawww/workspace/rl-navibot/build/decision/prefix_override:/usr/lib/python3/dist-packages/colcon_core/task/python/colcon_distutils_commands:/home/chendawww/workspace/rl-navibot/install/decision/lib/python3.10/site-packages:${PYTHONPATH} _=/usr/bin/env /usr/bin/python3 -W ignore:setup.py install is deprecated -W ignore:easy_install command is deprecated setup.py develop --editable --build-directory /home/chendawww/workspace/rl-navibot/build/decision/build --no-deps symlink_data
