[0.640s] Invoking command in '/home/chendawww/workspace/rl-navibot/build/perception': CONDA_PROMPT_MODIFIER=(ros2) PYTHONPATH=/home/chendawww/workspace/rl-navibot/build/perception/prefix_override:/usr/lib/python3/dist-packages/colcon_core/task/python/colcon_distutils_commands:/home/chendawww/workspace/rl-navibot/install/perception/lib/python3.10/site-packages:${PYTHONPATH} _=/usr/bin/env /usr/bin/python3 -W ignore:setup.py install is deprecated -W ignore:easy_install command is deprecated setup.py develop --editable --build-directory /home/chendawww/workspace/rl-navibot/build/perception/build --no-deps symlink_data
[0.837s] running develop
[0.874s] /usr/lib/python3/dist-packages/pkg_resources/__init__.py:116: PkgResourcesDeprecationWarning: 2.22.1ubuntu1 is an invalid version and will not be supported in a future release
[0.874s]   warnings.warn(
[0.945s] running egg_info
[0.945s] creating perception.egg-info
[0.945s] writing perception.egg-info/PKG-INFO
[0.946s] writing dependency_links to perception.egg-info/dependency_links.txt
[0.946s] writing entry points to perception.egg-info/entry_points.txt
[0.946s] writing requirements to perception.egg-info/requires.txt
[0.946s] writing top-level names to perception.egg-info/top_level.txt
[0.946s] writing manifest file 'perception.egg-info/SOURCES.txt'
[0.947s] reading manifest file 'perception.egg-info/SOURCES.txt'
[0.948s] writing manifest file 'perception.egg-info/SOURCES.txt'
[0.975s] running build_ext
[0.975s] Creating /home/chendawww/workspace/rl-navibot/install/perception/lib/python3.10/site-packages/perception.egg-link (link to .)
[0.976s] 
[0.976s] Installed /home/chendawww/workspace/rl-navibot/build/perception
[0.976s] running symlink_data
[0.976s] creating /home/chendawww/workspace/rl-navibot/install/perception/share/ament_index
[0.976s] creating /home/chendawww/workspace/rl-navibot/install/perception/share/ament_index/resource_index
[0.976s] creating /home/chendawww/workspace/rl-navibot/install/perception/share/ament_index/resource_index/packages
[0.976s] symbolically linking /home/chendawww/workspace/rl-navibot/build/perception/resource/perception -> /home/chendawww/workspace/rl-navibot/install/perception/share/ament_index/resource_index/packages
[0.977s] symbolically linking /home/chendawww/workspace/rl-navibot/build/perception/package.xml -> /home/chendawww/workspace/rl-navibot/install/perception/share/perception
[0.998s] Invoked command in '/home/chendawww/workspace/rl-navibot/build/perception' returned '0': CONDA_PROMPT_MODIFIER=(ros2) PYTHONPATH=/home/chendawww/workspace/rl-navibot/build/perception/prefix_override:/usr/lib/python3/dist-packages/colcon_core/task/python/colcon_distutils_commands:/home/chendawww/workspace/rl-navibot/install/perception/lib/python3.10/site-packages:${PYTHONPATH} _=/usr/bin/env /usr/bin/python3 -W ignore:setup.py install is deprecated -W ignore:easy_install command is deprecated setup.py develop --editable --build-directory /home/chendawww/workspace/rl-navibot/build/perception/build --no-deps symlink_data
