[0.024s] Invoking command in '/root/workspace/rl-navibot/build/robot_world': CMAKE_PREFIX_PATH=/opt/ros/humble /usr/bin/cmake --build /root/workspace/rl-navibot/build/robot_world -- -j16 -l16
[0.075s] [35m[1mConsolidate compiler generated dependencies of target robot_world_lib[0m
[0.085s] [ 13%] Built target gtest_main
[0.088s] [ 26%] Built target gtest
[0.099s] [ 46%] Built target robot_world_lib
[0.116s] [35m[1mConsolidate compiler generated dependencies of target world_manager[0m
[0.118s] [35m[1mConsolidate compiler generated dependencies of target test_robot_driver[0m
[0.119s] [35m[1mConsolidate compiler generated dependencies of target test_world_manager[0m
[0.119s] [35m[1mConsolidate compiler generated dependencies of target robot_driver[0m
[0.138s] [ 80%] Built target world_manager
[0.138s] [ 80%] Built target robot_driver
[0.138s] [ 86%] Built target test_world_manager
[0.140s] [ 93%] [32mBuilding CXX object CMakeFiles/test_robot_driver.dir/test/test_robot_driver.cpp.o[0m
[13.335s] [100%] [32m[1mLinking CXX executable test_robot_driver[0m
[14.958s] [100%] Built target test_robot_driver
[14.969s] Invoked command in '/root/workspace/rl-navibot/build/robot_world' returned '0': CMAKE_PREFIX_PATH=/opt/ros/humble /usr/bin/cmake --build /root/workspace/rl-navibot/build/robot_world -- -j16 -l16
[14.980s] Invoking command in '/root/workspace/rl-navibot/build/robot_world': CMAKE_PREFIX_PATH=/opt/ros/humble /usr/bin/cmake --install /root/workspace/rl-navibot/build/robot_world
[14.986s] -- Install configuration: ""
[14.986s] -- Execute custom install script
[14.986s] -- Up-to-date symlink: /root/workspace/rl-navibot/install/robot_world/lib/robot_world/robot_driver
[14.986s] -- Up-to-date symlink: /root/workspace/rl-navibot/install/robot_world/lib/robot_world/world_manager
[14.987s] -- Up-to-date symlink: /root/workspace/rl-navibot/install/robot_world/share/ament_index/resource_index/package_run_dependencies/robot_world
[14.987s] -- Up-to-date symlink: /root/workspace/rl-navibot/install/robot_world/share/ament_index/resource_index/parent_prefix_path/robot_world
[14.987s] -- Up-to-date symlink: /root/workspace/rl-navibot/install/robot_world/share/robot_world/environment/ament_prefix_path.sh
[14.987s] -- Up-to-date symlink: /root/workspace/rl-navibot/install/robot_world/share/robot_world/environment/ament_prefix_path.dsv
[14.987s] -- Up-to-date symlink: /root/workspace/rl-navibot/install/robot_world/share/robot_world/environment/path.sh
[14.987s] -- Up-to-date symlink: /root/workspace/rl-navibot/install/robot_world/share/robot_world/environment/path.dsv
[14.987s] -- Up-to-date symlink: /root/workspace/rl-navibot/install/robot_world/share/robot_world/local_setup.bash
[14.987s] -- Up-to-date symlink: /root/workspace/rl-navibot/install/robot_world/share/robot_world/local_setup.sh
[14.988s] -- Up-to-date symlink: /root/workspace/rl-navibot/install/robot_world/share/robot_world/local_setup.zsh
[14.988s] -- Up-to-date symlink: /root/workspace/rl-navibot/install/robot_world/share/robot_world/local_setup.dsv
[14.988s] -- Symlinking: /root/workspace/rl-navibot/install/robot_world/share/robot_world/package.dsv
[14.997s] -- Up-to-date symlink: /root/workspace/rl-navibot/install/robot_world/share/ament_index/resource_index/packages/robot_world
[14.997s] -- Up-to-date symlink: /root/workspace/rl-navibot/install/robot_world/share/robot_world/cmake/robot_worldConfig.cmake
[14.997s] -- Up-to-date symlink: /root/workspace/rl-navibot/install/robot_world/share/robot_world/cmake/robot_worldConfig-version.cmake
[14.997s] -- Up-to-date symlink: /root/workspace/rl-navibot/install/robot_world/share/robot_world/package.xml
[14.999s] Invoked command in '/root/workspace/rl-navibot/build/robot_world' returned '0': CMAKE_PREFIX_PATH=/opt/ros/humble /usr/bin/cmake --install /root/workspace/rl-navibot/build/robot_world
