[0.024s] Invoking command in '/root/workspace/rl-navibot/build/robot_world': CMAKE_PREFIX_PATH=/opt/ros/humble /usr/bin/cmake --build /root/workspace/rl-navibot/build/robot_world -- -j16 -l16
[0.073s] [ 13%] Built target gtest
[0.075s] [ 26%] Built target gtest_main
[0.078s] [ 33%] [32mBuilding CXX object CMakeFiles/robot_world_lib.dir/src/robot_driver.cpp.o[0m
[0.079s] [ 40%] [32mBuilding CXX object CMakeFiles/robot_world_lib.dir/src/world_manager.cpp.o[0m
[17.106s] [ 46%] [32m[1mLinking CXX static library librobot_world_lib.a[0m
[17.492s] [ 46%] Built target robot_world_lib
[17.511s] [35m[1mConsolidate compiler generated dependencies of target test_robot_driver[0m
[17.527s] [ 53%] [32mBuilding CXX object CMakeFiles/world_manager.dir/src/world_manager_main.cpp.o[0m
[17.528s] [ 60%] [32mBuilding CXX object CMakeFiles/robot_driver.dir/src/robot_driver_main.cpp.o[0m
[17.531s] [ 66%] [32mBuilding CXX object CMakeFiles/test_world_manager.dir/test/test_world_manager.cpp.o[0m
[17.535s] [ 73%] [32mBuilding CXX object CMakeFiles/test_robot_driver.dir/test/test_robot_driver.cpp.o[0m
[21.284s] [ 80%] [32m[1mLinking CXX executable world_manager[0m
[21.566s] [ 80%] Built target world_manager
[22.036s] [ 86%] [32m[1mLinking CXX executable robot_driver[0m
[23.406s] [ 86%] Built target robot_driver
[23.470s] [ 93%] [32m[1mLinking CXX executable test_world_manager[0m
[23.847s] [ 93%] Built target test_world_manager
[31.714s] [100%] [32m[1mLinking CXX executable test_robot_driver[0m
[33.474s] [100%] Built target test_robot_driver
[33.485s] Invoked command in '/root/workspace/rl-navibot/build/robot_world' returned '0': CMAKE_PREFIX_PATH=/opt/ros/humble /usr/bin/cmake --build /root/workspace/rl-navibot/build/robot_world -- -j16 -l16
[33.494s] Invoking command in '/root/workspace/rl-navibot/build/robot_world': CMAKE_PREFIX_PATH=/opt/ros/humble /usr/bin/cmake --install /root/workspace/rl-navibot/build/robot_world
[33.499s] -- Install configuration: ""
[33.499s] -- Execute custom install script
[33.499s] -- Up-to-date symlink: /root/workspace/rl-navibot/install/robot_world/lib/robot_world/robot_driver
[33.499s] -- Up-to-date symlink: /root/workspace/rl-navibot/install/robot_world/lib/robot_world/world_manager
[33.500s] -- Up-to-date symlink: /root/workspace/rl-navibot/install/robot_world/share/ament_index/resource_index/package_run_dependencies/robot_world
[33.500s] -- Up-to-date symlink: /root/workspace/rl-navibot/install/robot_world/share/ament_index/resource_index/parent_prefix_path/robot_world
[33.500s] -- Up-to-date symlink: /root/workspace/rl-navibot/install/robot_world/share/robot_world/environment/ament_prefix_path.sh
[33.500s] -- Up-to-date symlink: /root/workspace/rl-navibot/install/robot_world/share/robot_world/environment/ament_prefix_path.dsv
[33.500s] -- Up-to-date symlink: /root/workspace/rl-navibot/install/robot_world/share/robot_world/environment/path.sh
[33.500s] -- Up-to-date symlink: /root/workspace/rl-navibot/install/robot_world/share/robot_world/environment/path.dsv
[33.500s] -- Up-to-date symlink: /root/workspace/rl-navibot/install/robot_world/share/robot_world/local_setup.bash
[33.501s] -- Up-to-date symlink: /root/workspace/rl-navibot/install/robot_world/share/robot_world/local_setup.sh
[33.501s] -- Up-to-date symlink: /root/workspace/rl-navibot/install/robot_world/share/robot_world/local_setup.zsh
[33.501s] -- Up-to-date symlink: /root/workspace/rl-navibot/install/robot_world/share/robot_world/local_setup.dsv
[33.501s] -- Symlinking: /root/workspace/rl-navibot/install/robot_world/share/robot_world/package.dsv
[33.511s] -- Up-to-date symlink: /root/workspace/rl-navibot/install/robot_world/share/ament_index/resource_index/packages/robot_world
[33.511s] -- Up-to-date symlink: /root/workspace/rl-navibot/install/robot_world/share/robot_world/cmake/robot_worldConfig.cmake
[33.511s] -- Up-to-date symlink: /root/workspace/rl-navibot/install/robot_world/share/robot_world/cmake/robot_worldConfig-version.cmake
[33.511s] -- Up-to-date symlink: /root/workspace/rl-navibot/install/robot_world/share/robot_world/package.xml
[33.513s] Invoked command in '/root/workspace/rl-navibot/build/robot_world' returned '0': CMAKE_PREFIX_PATH=/opt/ros/humble /usr/bin/cmake --install /root/workspace/rl-navibot/build/robot_world
