-- Found ament_cmake: 1.3.11 (/opt/ros/humble/share/ament_cmake/cmake)
-- Override CMake install command with custom implementation using symlinks instead of copying resources
-- Found rclcpp: 16.0.12 (/opt/ros/humble/share/rclcpp/cmake)
-- Found rosidl_generator_c: 3.1.6 (/opt/ros/humble/share/rosidl_generator_c/cmake)
-- Found rosidl_adapter: 3.1.6 (/opt/ros/humble/share/rosidl_adapter/cmake)
-- Found rosidl_generator_cpp: 3.1.6 (/opt/ros/humble/share/rosidl_generator_cpp/cmake)
-- Using all available rosidl_typesupport_c: rosidl_typesupport_fastrtps_c;rosidl_typesupport_introspection_c
-- Using all available rosidl_typesupport_cpp: rosidl_typesupport_fastrtps_cpp;rosidl_typesupport_introspection_cpp
-- Found rmw_implementation_cmake: 6.1.2 (/opt/ros/humble/share/rmw_implementation_cmake/cmake)
-- Found rmw_fastrtps_cpp: 6.2.7 (/opt/ros/humble/share/rmw_fastrtps_cpp/cmake)
-- Using RMW implementation 'rmw_fastrtps_cpp' as default
-- Found geometry_msgs: 4.9.0 (/opt/ros/humble/share/geometry_msgs/cmake)
-- Found sensor_msgs: 4.9.0 (/opt/ros/humble/share/sensor_msgs/cmake)
-- Found nav_msgs: 4.9.0 (/opt/ros/humble/share/nav_msgs/cmake)
-- Found tf2: 0.25.13 (/opt/ros/humble/share/tf2/cmake)
-- Found tf2_geometry_msgs: 0.25.13 (/opt/ros/humble/share/tf2_geometry_msgs/cmake)
-- Found eigen3_cmake_module: 0.1.1 (/opt/ros/humble/share/eigen3_cmake_module/cmake)
-- Ensuring Eigen3 include directory is part of orocos-kdl CMake target
-- Found gazebo_msgs: 3.9.0 (/opt/ros/humble/share/gazebo_msgs/cmake)
-- Found std_srvs: 4.9.0 (/opt/ros/humble/share/std_srvs/cmake)
-- Found ament_cmake_gtest: 1.3.11 (/opt/ros/humble/share/ament_cmake_gtest/cmake)
-- Found ament_lint_auto: 0.12.12 (/opt/ros/humble/share/ament_lint_auto/cmake)
-- Found gtest sources under '/opt/ros/humble/src/gtest_vendor': C++ tests using 'Google Test' will be built
-- Added test 'cppcheck' to perform static code analysis on C / C++ code
-- Configured cppcheck include dirs: $<BUILD_INTERFACE:/root/workspace/rl-navibot/src/execution/robot_world/include>
-- Configured cppcheck exclude dirs and/or files: 
-- Added test 'flake8' to check Python code syntax and style conventions
-- Added test 'lint_cmake' to check CMake code style
-- Added test 'pep257' to check Python code against some of the docstring style conventions in PEP 257
-- Added test 'uncrustify' to check C / C++ code style
-- Configured uncrustify additional arguments: 
-- Added test 'xmllint' to check XML markup files
-- Configuring done
-- Generating done
-- Build files have been written to: /root/workspace/rl-navibot/build/robot_world
[35m[1mConsolidate compiler generated dependencies of target gtest[0m
[35m[1mConsolidate compiler generated dependencies of target gtest_main[0m
[35m[1mConsolidate compiler generated dependencies of target robot_world_lib[0m
[ 26%] Built target gtest_main
[ 26%] Built target gtest
[ 46%] Built target robot_world_lib
[35m[1mConsolidate compiler generated dependencies of target world_manager[0m
[35m[1mConsolidate compiler generated dependencies of target robot_driver[0m
[35m[1mConsolidate compiler generated dependencies of target test_world_manager[0m
[35m[1mConsolidate compiler generated dependencies of target test_robot_driver[0m
[ 86%] Built target test_world_manager
[ 86%] Built target robot_driver
[ 86%] Built target world_manager
[100%] Built target test_robot_driver
-- Install configuration: ""
-- Execute custom install script
-- Up-to-date symlink: /root/workspace/rl-navibot/install/robot_world/lib/robot_world/robot_driver
-- Up-to-date symlink: /root/workspace/rl-navibot/install/robot_world/lib/robot_world/world_manager
-- Symlinking: /root/workspace/rl-navibot/install/robot_world/share/robot_world/launch/multi_robots.launch.py
-- Symlinking: /root/workspace/rl-navibot/install/robot_world/share/robot_world/launch/robot_world_sim.launch.py
-- Up-to-date symlink: /root/workspace/rl-navibot/install/robot_world/share/ament_index/resource_index/package_run_dependencies/robot_world
-- Up-to-date symlink: /root/workspace/rl-navibot/install/robot_world/share/ament_index/resource_index/parent_prefix_path/robot_world
-- Up-to-date symlink: /root/workspace/rl-navibot/install/robot_world/share/robot_world/environment/ament_prefix_path.sh
-- Up-to-date symlink: /root/workspace/rl-navibot/install/robot_world/share/robot_world/environment/ament_prefix_path.dsv
-- Up-to-date symlink: /root/workspace/rl-navibot/install/robot_world/share/robot_world/environment/path.sh
-- Up-to-date symlink: /root/workspace/rl-navibot/install/robot_world/share/robot_world/environment/path.dsv
-- Up-to-date symlink: /root/workspace/rl-navibot/install/robot_world/share/robot_world/local_setup.bash
-- Up-to-date symlink: /root/workspace/rl-navibot/install/robot_world/share/robot_world/local_setup.sh
-- Up-to-date symlink: /root/workspace/rl-navibot/install/robot_world/share/robot_world/local_setup.zsh
-- Up-to-date symlink: /root/workspace/rl-navibot/install/robot_world/share/robot_world/local_setup.dsv
-- Symlinking: /root/workspace/rl-navibot/install/robot_world/share/robot_world/package.dsv
-- Up-to-date symlink: /root/workspace/rl-navibot/install/robot_world/share/ament_index/resource_index/packages/robot_world
-- Up-to-date symlink: /root/workspace/rl-navibot/install/robot_world/share/robot_world/cmake/robot_worldConfig.cmake
-- Up-to-date symlink: /root/workspace/rl-navibot/install/robot_world/share/robot_world/cmake/robot_worldConfig-version.cmake
-- Up-to-date symlink: /root/workspace/rl-navibot/install/robot_world/share/robot_world/package.xml
