[0.020s] Invoking command in '/root/workspace/rl-navibot/build/robot_world': CMAKE_PREFIX_PATH=${CMAKE_PREFIX_PATH}:/opt/ros/humble /usr/bin/cmake --build /root/workspace/rl-navibot/build/robot_world -- -j16 -l16
[0.042s] -- Found ament_cmake: 1.3.11 (/opt/ros/humble/share/ament_cmake/cmake)
[0.127s] -- Override CMake install command with custom implementation using symlinks instead of copying resources
[0.132s] -- Found rclcpp: 16.0.12 (/opt/ros/humble/share/rclcpp/cmake)
[0.154s] -- Found rosidl_generator_c: 3.1.6 (/opt/ros/humble/share/rosidl_generator_c/cmake)
[0.155s] -- Found rosidl_adapter: 3.1.6 (/opt/ros/humble/share/rosidl_adapter/cmake)
[0.159s] -- Found rosidl_generator_cpp: 3.1.6 (/opt/ros/humble/share/rosidl_generator_cpp/cmake)
[0.165s] -- Using all available rosidl_typesupport_c: rosidl_typesupport_fastrtps_c;rosidl_typesupport_introspection_c
[0.174s] -- Using all available rosidl_typesupport_cpp: rosidl_typesupport_fastrtps_cpp;rosidl_typesupport_introspection_cpp
[0.197s] -- Found rmw_implementation_cmake: 6.1.2 (/opt/ros/humble/share/rmw_implementation_cmake/cmake)
[0.197s] -- Found rmw_fastrtps_cpp: 6.2.7 (/opt/ros/humble/share/rmw_fastrtps_cpp/cmake)
[0.297s] -- Using RMW implementation 'rmw_fastrtps_cpp' as default
[0.334s] -- Found geometry_msgs: 4.9.0 (/opt/ros/humble/share/geometry_msgs/cmake)
[0.342s] -- Found sensor_msgs: 4.9.0 (/opt/ros/humble/share/sensor_msgs/cmake)
[0.353s] -- Found nav_msgs: 4.9.0 (/opt/ros/humble/share/nav_msgs/cmake)
[0.365s] -- Found tf2: 0.25.13 (/opt/ros/humble/share/tf2/cmake)
[0.367s] -- Found tf2_geometry_msgs: 0.25.13 (/opt/ros/humble/share/tf2_geometry_msgs/cmake)
[0.370s] -- Found eigen3_cmake_module: 0.1.1 (/opt/ros/humble/share/eigen3_cmake_module/cmake)
[0.371s] -- Ensuring Eigen3 include directory is part of orocos-kdl CMake target
[0.427s] -- Found gazebo_msgs: 3.9.0 (/opt/ros/humble/share/gazebo_msgs/cmake)
[0.453s] -- Found std_srvs: 4.9.0 (/opt/ros/humble/share/std_srvs/cmake)
[0.462s] -- Found ament_cmake_gtest: 1.3.11 (/opt/ros/humble/share/ament_cmake_gtest/cmake)
[0.462s] -- Found ament_lint_auto: 0.12.12 (/opt/ros/humble/share/ament_lint_auto/cmake)
[0.516s] -- Found gtest sources under '/opt/ros/humble/src/gtest_vendor': C++ tests using 'Google Test' will be built
[0.526s] -- Added test 'cppcheck' to perform static code analysis on C / C++ code
[0.526s] -- Configured cppcheck include dirs: $<BUILD_INTERFACE:/root/workspace/rl-navibot/src/execution/robot_world/include>
[0.526s] -- Configured cppcheck exclude dirs and/or files: 
[0.527s] -- Added test 'flake8' to check Python code syntax and style conventions
[0.527s] -- Added test 'lint_cmake' to check CMake code style
[0.527s] -- Added test 'pep257' to check Python code against some of the docstring style conventions in PEP 257
[0.528s] -- Added test 'uncrustify' to check C / C++ code style
[0.528s] -- Configured uncrustify additional arguments: 
[0.528s] -- Added test 'xmllint' to check XML markup files
[0.529s] -- Configuring done
[0.555s] -- Generating done
[0.564s] -- Build files have been written to: /root/workspace/rl-navibot/build/robot_world
[0.585s] [35m[1mConsolidate compiler generated dependencies of target gtest[0m
[0.585s] [35m[1mConsolidate compiler generated dependencies of target gtest_main[0m
[0.585s] [35m[1mConsolidate compiler generated dependencies of target robot_world_lib[0m
[0.595s] [ 26%] Built target gtest_main
[0.595s] [ 26%] Built target gtest
[0.600s] [ 46%] Built target robot_world_lib
[0.609s] [35m[1mConsolidate compiler generated dependencies of target world_manager[0m
[0.609s] [35m[1mConsolidate compiler generated dependencies of target robot_driver[0m
[0.609s] [35m[1mConsolidate compiler generated dependencies of target test_world_manager[0m
[0.611s] [35m[1mConsolidate compiler generated dependencies of target test_robot_driver[0m
[0.623s] [ 86%] Built target test_world_manager
[0.623s] [ 86%] Built target robot_driver
[0.623s] [ 86%] Built target world_manager
[0.625s] [100%] Built target test_robot_driver
[0.633s] Invoked command in '/root/workspace/rl-navibot/build/robot_world' returned '0': CMAKE_PREFIX_PATH=${CMAKE_PREFIX_PATH}:/opt/ros/humble /usr/bin/cmake --build /root/workspace/rl-navibot/build/robot_world -- -j16 -l16
[0.641s] Invoking command in '/root/workspace/rl-navibot/build/robot_world': CMAKE_PREFIX_PATH=${CMAKE_PREFIX_PATH}:/opt/ros/humble /usr/bin/cmake --install /root/workspace/rl-navibot/build/robot_world
[0.646s] -- Install configuration: ""
[0.646s] -- Execute custom install script
[0.647s] -- Up-to-date symlink: /root/workspace/rl-navibot/install/robot_world/lib/robot_world/robot_driver
[0.647s] -- Up-to-date symlink: /root/workspace/rl-navibot/install/robot_world/lib/robot_world/world_manager
[0.647s] -- Symlinking: /root/workspace/rl-navibot/install/robot_world/share/robot_world/launch/multi_robots.launch.py
[0.654s] -- Symlinking: /root/workspace/rl-navibot/install/robot_world/share/robot_world/launch/robot_world_sim.launch.py
[0.661s] -- Up-to-date symlink: /root/workspace/rl-navibot/install/robot_world/share/ament_index/resource_index/package_run_dependencies/robot_world
[0.661s] -- Up-to-date symlink: /root/workspace/rl-navibot/install/robot_world/share/ament_index/resource_index/parent_prefix_path/robot_world
[0.661s] -- Up-to-date symlink: /root/workspace/rl-navibot/install/robot_world/share/robot_world/environment/ament_prefix_path.sh
[0.661s] -- Up-to-date symlink: /root/workspace/rl-navibot/install/robot_world/share/robot_world/environment/ament_prefix_path.dsv
[0.661s] -- Up-to-date symlink: /root/workspace/rl-navibot/install/robot_world/share/robot_world/environment/path.sh
[0.661s] -- Up-to-date symlink: /root/workspace/rl-navibot/install/robot_world/share/robot_world/environment/path.dsv
[0.662s] -- Up-to-date symlink: /root/workspace/rl-navibot/install/robot_world/share/robot_world/local_setup.bash
[0.662s] -- Up-to-date symlink: /root/workspace/rl-navibot/install/robot_world/share/robot_world/local_setup.sh
[0.662s] -- Up-to-date symlink: /root/workspace/rl-navibot/install/robot_world/share/robot_world/local_setup.zsh
[0.662s] -- Up-to-date symlink: /root/workspace/rl-navibot/install/robot_world/share/robot_world/local_setup.dsv
[0.662s] -- Symlinking: /root/workspace/rl-navibot/install/robot_world/share/robot_world/package.dsv
[0.668s] -- Up-to-date symlink: /root/workspace/rl-navibot/install/robot_world/share/ament_index/resource_index/packages/robot_world
[0.669s] -- Up-to-date symlink: /root/workspace/rl-navibot/install/robot_world/share/robot_world/cmake/robot_worldConfig.cmake
[0.669s] -- Up-to-date symlink: /root/workspace/rl-navibot/install/robot_world/share/robot_world/cmake/robot_worldConfig-version.cmake
[0.669s] -- Up-to-date symlink: /root/workspace/rl-navibot/install/robot_world/share/robot_world/package.xml
[0.670s] Invoked command in '/root/workspace/rl-navibot/build/robot_world' returned '0': CMAKE_PREFIX_PATH=${CMAKE_PREFIX_PATH}:/opt/ros/humble /usr/bin/cmake --install /root/workspace/rl-navibot/build/robot_world
