[0.037s] Invoking command in '/root/workspace/rl-navibot/build/robot_world': CMAKE_PREFIX_PATH=/opt/ros/humble /usr/bin/cmake /root/workspace/rl-navibot/src/execution/robot_world -DAMENT_CMAKE_SYMLINK_INSTALL=1 -DCMAKE_INSTALL_PREFIX=/root/workspace/rl-navibot/install/robot_world
[0.197s] -- The C compiler identification is GNU 11.4.0
[0.258s] -- The CXX compiler identification is GNU 11.4.0
[0.267s] -- Detecting C compiler ABI info
[0.342s] -- Detecting C compiler ABI info - done
[0.349s] -- Check for working C compiler: /usr/bin/cc - skipped
[0.349s] -- Detecting C compile features
[0.350s] -- Detecting C compile features - done
[0.354s] -- Detecting CXX compiler ABI info
[0.431s] -- Detecting CXX compiler ABI info - done
[0.436s] -- Check for working CXX compiler: /usr/bin/c++ - skipped
[0.437s] -- Detecting CXX compile features
[0.437s] -- Detecting CXX compile features - done
[0.446s] -- Found ament_cmake: 1.3.11 (/opt/ros/humble/share/ament_cmake/cmake)
[0.584s] -- Found Python3: /usr/bin/python3 (found version "3.10.12") found components: Interpreter 
[0.669s] -- Override CMake install command with custom implementation using symlinks instead of copying resources
[0.747s] -- Found rclcpp: 16.0.12 (/opt/ros/humble/share/rclcpp/cmake)
[0.810s] -- Found rosidl_generator_c: 3.1.6 (/opt/ros/humble/share/rosidl_generator_c/cmake)
[0.821s] -- Found rosidl_adapter: 3.1.6 (/opt/ros/humble/share/rosidl_adapter/cmake)
[0.833s] -- Found rosidl_generator_cpp: 3.1.6 (/opt/ros/humble/share/rosidl_generator_cpp/cmake)
[0.855s] -- Using all available rosidl_typesupport_c: rosidl_typesupport_fastrtps_c;rosidl_typesupport_introspection_c
[0.890s] -- Using all available rosidl_typesupport_cpp: rosidl_typesupport_fastrtps_cpp;rosidl_typesupport_introspection_cpp
[0.978s] -- Found rmw_implementation_cmake: 6.1.2 (/opt/ros/humble/share/rmw_implementation_cmake/cmake)
[0.985s] -- Found rmw_fastrtps_cpp: 6.2.7 (/opt/ros/humble/share/rmw_fastrtps_cpp/cmake)
[1.128s] -- Found OpenSSL: /usr/lib/x86_64-linux-gnu/libcrypto.so (found version "3.0.2")  
[1.160s] -- Found FastRTPS: /opt/ros/humble/include  
[1.212s] -- Using RMW implementation 'rmw_fastrtps_cpp' as default
[1.232s] -- Looking for pthread.h
[1.294s] -- Looking for pthread.h - found
[1.294s] -- Performing Test CMAKE_HAVE_LIBC_PTHREAD
[1.362s] -- Performing Test CMAKE_HAVE_LIBC_PTHREAD - Success
[1.363s] -- Found Threads: TRUE  
[1.462s] -- Found geometry_msgs: 4.9.0 (/opt/ros/humble/share/geometry_msgs/cmake)
[1.487s] -- Found sensor_msgs: 4.9.0 (/opt/ros/humble/share/sensor_msgs/cmake)
[1.517s] -- Found nav_msgs: 4.9.0 (/opt/ros/humble/share/nav_msgs/cmake)
[1.545s] -- Found tf2: 0.25.13 (/opt/ros/humble/share/tf2/cmake)
[1.567s] -- Found tf2_geometry_msgs: 0.25.13 (/opt/ros/humble/share/tf2_geometry_msgs/cmake)
[1.599s] -- Found eigen3_cmake_module: 0.1.1 (/opt/ros/humble/share/eigen3_cmake_module/cmake)
[1.602s] -- Found Eigen3: TRUE (found version "3.4.0") 
[1.602s] -- Ensuring Eigen3 include directory is part of orocos-kdl CMake target
[1.774s] -- Found gazebo_msgs: 3.9.0 (/opt/ros/humble/share/gazebo_msgs/cmake)
[1.847s] -- Found std_srvs: 4.9.0 (/opt/ros/humble/share/std_srvs/cmake)
[1.884s] -- Found ament_cmake_gtest: 1.3.11 (/opt/ros/humble/share/ament_cmake_gtest/cmake)
[1.892s] -- Found ament_lint_auto: 0.12.12 (/opt/ros/humble/share/ament_lint_auto/cmake)
[2.039s] -- Found gtest sources under '/opt/ros/humble/src/gtest_vendor': C++ tests using 'Google Test' will be built
[2.064s] -- Added test 'cppcheck' to perform static code analysis on C / C++ code
[2.065s] -- Configured cppcheck include dirs: $<BUILD_INTERFACE:/root/workspace/rl-navibot/src/execution/robot_world/include>
[2.065s] -- Configured cppcheck exclude dirs and/or files: 
[2.067s] -- Added test 'flake8' to check Python code syntax and style conventions
[2.070s] -- Added test 'lint_cmake' to check CMake code style
[2.071s] -- Added test 'pep257' to check Python code against some of the docstring style conventions in PEP 257
[2.075s] -- Added test 'uncrustify' to check C / C++ code style
[2.075s] -- Configured uncrustify additional arguments: 
[2.077s] -- Added test 'xmllint' to check XML markup files
[2.081s] -- Configuring done
[2.143s] -- Generating done
[2.166s] -- Build files have been written to: /root/workspace/rl-navibot/build/robot_world
[2.181s] Invoked command in '/root/workspace/rl-navibot/build/robot_world' returned '0': CMAKE_PREFIX_PATH=/opt/ros/humble /usr/bin/cmake /root/workspace/rl-navibot/src/execution/robot_world -DAMENT_CMAKE_SYMLINK_INSTALL=1 -DCMAKE_INSTALL_PREFIX=/root/workspace/rl-navibot/install/robot_world
[2.182s] Invoking command in '/root/workspace/rl-navibot/build/robot_world': CMAKE_PREFIX_PATH=/opt/ros/humble /usr/bin/cmake --build /root/workspace/rl-navibot/build/robot_world -- -j16 -l16
[2.239s] [  6%] [32mBuilding CXX object gtest/CMakeFiles/gtest_main.dir/src/gtest_main.cc.o[0m
[2.241s] [ 13%] [32mBuilding CXX object gtest/CMakeFiles/gtest.dir/src/gtest-all.cc.o[0m
[2.248s] [ 26%] [32mBuilding CXX object CMakeFiles/robot_world_lib.dir/src/robot_driver.cpp.o[0m
[2.249s] [ 26%] [32mBuilding CXX object CMakeFiles/robot_world_lib.dir/src/world_manager.cpp.o[0m
[3.558s] [ 33%] [32m[1mLinking CXX static library libgtest_main.a[0m
[3.593s] [ 33%] Built target gtest_main
[6.903s] [ 40%] [32m[1mLinking CXX static library libgtest.a[0m
[6.958s] [ 40%] Built target gtest
[22.967s] [ 46%] [32m[1mLinking CXX static library librobot_world_lib.a[0m
[23.345s] [ 46%] Built target robot_world_lib
[23.363s] [ 53%] [32mBuilding CXX object CMakeFiles/world_manager.dir/src/world_manager_main.cpp.o[0m
[23.363s] [ 60%] [32mBuilding CXX object CMakeFiles/robot_driver.dir/src/robot_driver_main.cpp.o[0m
[23.368s] [ 66%] [32mBuilding CXX object CMakeFiles/test_world_manager.dir/test/test_world_manager.cpp.o[0m
[23.368s] [ 73%] [32mBuilding CXX object CMakeFiles/test_robot_driver.dir/test/test_robot_driver.cpp.o[0m
[27.299s] [ 80%] [32m[1mLinking CXX executable world_manager[0m
[27.606s] [ 80%] Built target world_manager
[27.858s] [ 86%] [32m[1mLinking CXX executable robot_driver[0m
[29.111s] [ 86%] Built target robot_driver
[29.382s] [ 93%] [32m[1mLinking CXX executable test_world_manager[0m
[29.703s] [ 93%] Built target test_world_manager
[37.794s] [100%] [32m[1mLinking CXX executable test_robot_driver[0m
[39.538s] [100%] Built target test_robot_driver
[39.550s] Invoked command in '/root/workspace/rl-navibot/build/robot_world' returned '0': CMAKE_PREFIX_PATH=/opt/ros/humble /usr/bin/cmake --build /root/workspace/rl-navibot/build/robot_world -- -j16 -l16
[39.560s] Invoking command in '/root/workspace/rl-navibot/build/robot_world': CMAKE_PREFIX_PATH=/opt/ros/humble /usr/bin/cmake --install /root/workspace/rl-navibot/build/robot_world
[39.568s] -- Install configuration: ""
[39.568s] -- Execute custom install script
[39.569s] -- Symlinking: /root/workspace/rl-navibot/install/robot_world/lib/robot_world/robot_driver
[39.578s] -- Symlinking: /root/workspace/rl-navibot/install/robot_world/lib/robot_world/world_manager
[39.586s] -- Symlinking: /root/workspace/rl-navibot/install/robot_world/share/ament_index/resource_index/package_run_dependencies/robot_world
[39.595s] -- Symlinking: /root/workspace/rl-navibot/install/robot_world/share/ament_index/resource_index/parent_prefix_path/robot_world
[39.603s] -- Symlinking: /root/workspace/rl-navibot/install/robot_world/share/robot_world/environment/ament_prefix_path.sh
[39.613s] -- Symlinking: /root/workspace/rl-navibot/install/robot_world/share/robot_world/environment/ament_prefix_path.dsv
[39.621s] -- Symlinking: /root/workspace/rl-navibot/install/robot_world/share/robot_world/environment/path.sh
[39.631s] -- Symlinking: /root/workspace/rl-navibot/install/robot_world/share/robot_world/environment/path.dsv
[39.640s] -- Symlinking: /root/workspace/rl-navibot/install/robot_world/share/robot_world/local_setup.bash
[39.650s] -- Symlinking: /root/workspace/rl-navibot/install/robot_world/share/robot_world/local_setup.sh
[39.660s] -- Symlinking: /root/workspace/rl-navibot/install/robot_world/share/robot_world/local_setup.zsh
[39.669s] -- Symlinking: /root/workspace/rl-navibot/install/robot_world/share/robot_world/local_setup.dsv
[39.677s] -- Symlinking: /root/workspace/rl-navibot/install/robot_world/share/robot_world/package.dsv
[39.686s] -- Symlinking: /root/workspace/rl-navibot/install/robot_world/share/ament_index/resource_index/packages/robot_world
[39.695s] -- Symlinking: /root/workspace/rl-navibot/install/robot_world/share/robot_world/cmake/robot_worldConfig.cmake
[39.704s] -- Symlinking: /root/workspace/rl-navibot/install/robot_world/share/robot_world/cmake/robot_worldConfig-version.cmake
[39.714s] -- Symlinking: /root/workspace/rl-navibot/install/robot_world/share/robot_world/package.xml
[39.726s] Invoked command in '/root/workspace/rl-navibot/build/robot_world' returned '0': CMAKE_PREFIX_PATH=/opt/ros/humble /usr/bin/cmake --install /root/workspace/rl-navibot/build/robot_world
