[0.464s] Invoking command in '/home/chendawww/workspace/rl-navibot/build/core': CONDA_PROMPT_MODIFIER=(ros2) PYTHONPATH=/home/chendawww/workspace/rl-navibot/build/core/prefix_override:/usr/lib/python3/dist-packages/colcon_core/task/python/colcon_distutils_commands:/home/chendawww/workspace/rl-navibot/install/core/lib/python3.10/site-packages:${PYTHONPATH} _=/usr/bin/env /usr/bin/python3 -W ignore:setup.py install is deprecated -W ignore:easy_install command is deprecated setup.py develop --editable --build-directory /home/chendawww/workspace/rl-navibot/build/core/build --no-deps symlink_data
[0.655s] running develop
[0.695s] /usr/lib/python3/dist-packages/pkg_resources/__init__.py:116: PkgResourcesDeprecationWarning: 2.22.1ubuntu1 is an invalid version and will not be supported in a future release
[0.696s]   warnings.warn(
[0.768s] running egg_info
[0.768s] creating core.egg-info
[0.768s] writing core.egg-info/PKG-INFO
[0.769s] writing dependency_links to core.egg-info/dependency_links.txt
[0.769s] writing entry points to core.egg-info/entry_points.txt
[0.769s] writing requirements to core.egg-info/requires.txt
[0.769s] writing top-level names to core.egg-info/top_level.txt
[0.769s] writing manifest file 'core.egg-info/SOURCES.txt'
[0.771s] reading manifest file 'core.egg-info/SOURCES.txt'
[0.771s] writing manifest file 'core.egg-info/SOURCES.txt'
[0.798s] running build_ext
[0.799s] Creating /home/chendawww/workspace/rl-navibot/install/core/lib/python3.10/site-packages/core.egg-link (link to .)
[0.799s] 
[0.799s] Installed /home/chendawww/workspace/rl-navibot/build/core
[0.799s] running symlink_data
[0.799s] creating /home/chendawww/workspace/rl-navibot/install/core/share/ament_index
[0.800s] creating /home/chendawww/workspace/rl-navibot/install/core/share/ament_index/resource_index
[0.800s] creating /home/chendawww/workspace/rl-navibot/install/core/share/ament_index/resource_index/packages
[0.800s] symbolically linking /home/chendawww/workspace/rl-navibot/build/core/resource/core -> /home/chendawww/workspace/rl-navibot/install/core/share/ament_index/resource_index/packages
[0.800s] symbolically linking /home/chendawww/workspace/rl-navibot/build/core/package.xml -> /home/chendawww/workspace/rl-navibot/install/core/share/core
[0.822s] Invoked command in '/home/chendawww/workspace/rl-navibot/build/core' returned '0': CONDA_PROMPT_MODIFIER=(ros2) PYTHONPATH=/home/chendawww/workspace/rl-navibot/build/core/prefix_override:/usr/lib/python3/dist-packages/colcon_core/task/python/colcon_distutils_commands:/home/chendawww/workspace/rl-navibot/install/core/lib/python3.10/site-packages:${PYTHONPATH} _=/usr/bin/env /usr/bin/python3 -W ignore:setup.py install is deprecated -W ignore:easy_install command is deprecated setup.py develop --editable --build-directory /home/chendawww/workspace/rl-navibot/build/core/build --no-deps symlink_data
